<?xml version="1.0" encoding="UTF-8"?>
<!-- Generated by org.testng.reporters.JUnitXMLReporter -->
<testsuite ignored="0" hostname="LAPTOP-C4MAJJ3U" failures="1" tests="1" name="Firefox Test" time="8.287" errors="0" timestamp="2025-03-31T11:53:10 IST">
  <testcase classname="com.qa.testcases.LoginWithInvalidEmail_Tc_004" name="loginWithInvalidEmail" time="0.801">
    <failure type="java.lang.AssertionError" message="Warning message is not displayed expected [true] but found [false]">
      <![CDATA[java.lang.AssertionError: Warning message is not displayed expected [true] but found [false]
at com.qa.pages.SignInPage.validateuserShouldNotEnterOtp(SignInPage.java:59)
at com.qa.testcases.LoginWithInvalidEmail_Tc_004.loginWithInvalidEmail(LoginWithInvalidEmail_Tc_004.java:17)
at java.base/java.util.ArrayList.forEach(ArrayList.java:1596)
at java.base/java.util.concurrent.FutureTask.run(FutureTask.java:317)
at java.base/java.util.concurrent.ThreadPoolExecutor.runWorker(ThreadPoolExecutor.java:1144)
at java.base/java.util.concurrent.ThreadPoolExecutor$Worker.run(ThreadPoolExecutor.java:642)
at java.base/java.lang.Thread.run(Thread.java:1583)
... Removed 18 stack frames]]>
    </failure>
  </testcase> <!-- loginWithInvalidEmail -->
</testsuite> <!-- Firefox Test -->
